2024-01-13T00:22:54.907
== Config ==
INIT_SIZE: 5
GEN_TYP_SIZE: 2
PARAMETERIZE_FLIP_GROUPS_BY_SZ: true
EPOCHS: 2000
DistNat: DistUInt32
TAG: entropy_approx_v01

Building (gen_expr(...)) computation graph...
  19.248910882 seconds

Initial adnodes_of_interest:
Dict("tysz2_gen_type_tbool" => 0.5, "sz4_succ_var" => 0.5, "tysz1_gen_type_tbool" => 0.5, "sz0_zero_pr_var2" => 0.5, "sz2_succ_app" => 0.5, "sz4_succ_abs" => 0.5, "sz5_succ_var" => 0.5, "sz5_succ_abs" => 0.5, "sz2_succ_var" => 0.5, "sz1_succ_var" => 0.5, "sz1_succ_app" => 0.5, "sz1_succ_abs" => 0.5, "sz3_succ_abs" => 0.5, "sz3_succ_app" => 0.5, "sz5_succ_app" => 0.5, "sz4_succ_app" => 0.5, "sz2_succ_abs" => 0.5, "sz3_succ_var" => 0.5)
Saving samples...
Saved samples to examples/qc/stlc/output/entropy_approx_v01/entropy/sz=5,tysz=2/terms_before.txt.
  106.794707683 seconds

Initial entropy: 268.9974234499506

Training...
  172.545444082 seconds

Final entropy: 278.7035965163802

Learned adnodes_of_interest:
Dict("tysz2_gen_type_tbool" => 0.6406501979548713, "sz4_succ_var" => 0.6674255144274396, "tysz1_gen_type_tbool" => 0.5518244186781357, "sz0_zero_pr_var2" => 0.6074364937924714, "sz2_succ_app" => 0.2924748841302053, "sz4_succ_abs" => 0.46214510333327624, "sz5_succ_var" => 0.5, "sz5_succ_abs" => 0.6296817679421843, "sz2_succ_var" => 0.692442569329581, "sz1_succ_var" => 0.6690399301775136, "sz1_succ_app" => 0.3164272452618666, "sz1_succ_abs" => 0.44933794966818746, "sz3_succ_abs" => 0.43541600818707565, "sz3_succ_app" => 0.2995197540262324, "sz5_succ_app" => 0.32780288605621516, "sz4_succ_app" => 0.30132673109175784, "sz2_succ_abs" => 0.42233005579465066, "sz3_succ_var" => 0.6824377595027068)
Saving samples...
Saved samples to examples/qc/stlc/output/entropy_approx_v01/entropy/sz=5,tysz=2/terms_trained_param_by_sz=true,epochs=2000.txt.
  109.846797327 seconds

