2023-06-19T12:07:09.109
== Config ==
INIT_SIZE: 5
GEN_TYP_SIZE: 2
PARAMETERIZE_FLIP_GROUPS_BY_SZ: true
EPOCHS: 2000
DistNat: DistUInt32
TAG: byflonly

Building num_apps(gen_expr(...)) computation graph...
  19.906852187 seconds

Initial adnodes_of_interest:
Dict("tysz2_gen_type_tbool" => 0.5, "sz4_succ_var" => 0.5, "tysz1_gen_type_tbool" => 0.5, "sz0_zero_pr_var2" => 0.5, "sz2_succ_app" => 0.5, "sz4_succ_abs" => 0.5, "sz5_succ_var" => 0.5, "sz5_succ_abs" => 0.5, "sz2_succ_var" => 0.5, "sz1_succ_var" => 0.5, "sz1_succ_app" => 0.5, "sz1_succ_abs" => 0.5, "sz3_succ_abs" => 0.5, "sz3_succ_app" => 0.5, "sz5_succ_app" => 0.5, "sz4_succ_app" => 0.5, "sz2_succ_abs" => 0.5, "sz3_succ_var" => 0.5)
Inferring initial distribution...
  91.056688773 seconds
Saved num_apps dist to examples/qc/stlc/output/byflonly/num_apps/uniform/sz=5,tysz=2/dist_before.csv.

Saving samples...
Saved samples to examples/qc/stlc/output/byflonly/num_apps/uniform/sz=5,tysz=2/terms_before.txt.
  113.176992764 seconds

Initial logprob: -224.7126844927842

Training...
  204183.805908926 seconds

Final logprob: -114.30859862155809
Drawing the target dataset is 8.869216850691252e47x more likely

Learned adnodes_of_interest:
Dict("tysz2_gen_type_tbool" => 0.8074315899425191, "sz4_succ_var" => 0.43204068515137756, "tysz1_gen_type_tbool" => 0.5814134465957436, "sz0_zero_pr_var2" => 0.5, "sz2_succ_app" => 0.5435450129943233, "sz4_succ_abs" => 0.46516031829137117, "sz5_succ_var" => 0.5, "sz5_succ_abs" => 0.0316839693969473, "sz2_succ_var" => 0.7169211057662204, "sz1_succ_var" => 0.7224815228294784, "sz1_succ_app" => 0.6626616299951793, "sz1_succ_abs" => 0.03974381583608733, "sz3_succ_abs" => 0.08854407128325653, "sz3_succ_app" => 0.815028881176727, "sz5_succ_app" => 0.8003689403056173, "sz4_succ_app" => 0.5890450705010624, "sz2_succ_abs" => 0.1264711729637575, "sz3_succ_var" => 0.26886606934077245)
Inferring trained distribution...
Saved num_apps dist to examples/qc/stlc/output/byflonly/num_apps/uniform/sz=5,tysz=2/dist_trained_param_by_sz=true,epochs=2000.csv.

Saving samples...
Saved samples to examples/qc/stlc/output/byflonly/num_apps/uniform/sz=5,tysz=2/terms_trained_param_by_sz=true,epochs=2000.txt.
  113.733530168 seconds

