2023-05-22T15:28:20.869

== Config ==
INIT_SIZE: 3
GEN_TYP_SIZE: 2
PARAMETERIZE_FLIP_GROUPS_BY_SZ: true
EPOCHS: 4000
DistNat: DistUInt32

Building num_apps(gen_expr(...)) computation graph...
  11.125410708 seconds

Initial group probs:
Dict("tysz2_gen_type_tbool" => 0.5, "sz3_tysz2_gen_type_tbool" => 0.5, "sz2_succ_app_var_val" => 0.5, "sz3_succ_var_app_val" => 0.5, "tysz1_gen_type_tbool" => 0.5, "sz2_succ_app" => 0.5, "sz1_succ_app_var_val" => 0.5, "sz2_succ_var" => 0.3333333333333333, "sz1_succ_var" => 0.3333333333333333, "sz1_succ_app" => 0.5, "sz2_succ_val_var_app" => 0.5, "sz2_succ_var_app_val" => 0.5, "sz3_succ_app" => 0.5, "sz3_succ_app_var_val" => 0.5, "sz1_tysz2_gen_type_tbool" => 0.5, "sz2_tysz2_gen_type_tbool" => 0.5, "sz0_zero_var_" => 0.5, "sz1_succ_var_app_val" => 0.5, "sz3_succ_var" => 0.3333333333333333, "sz3_succ_val_var_app" => 0.5, "sz1_succ_val_var_app" => 0.5)
Inferring initial distribution...
  0.328949958 seconds
0	0.3784722222222223
1	0.10286458333333337
2	0.1511501736111112
3	0.14680989583333343
4	0.11425781250000003
5	0.06738281250000001
6	0.03125
7	0.007812500000000002
Saved num_apps dist to examples/qc/stlc/output/num_apps/uniform/sz=3,tysz=2/dist_before.csv.

Saving samples...
Saved samples to examples/qc/stlc/output/num_apps/uniform/sz=3,tysz=2/terms_before.txt.

Initial logprob: -20.238481981031438

Training...
  21.82552325 seconds

Final logprob: -16.922243237574214
Drawing the target dataset is 27.56x more likely

Learned group probs:
Dict("tysz2_gen_type_tbool" => 0.17030965278773455, "sz3_tysz2_gen_type_tbool" => 0.6607177017370734, "sz2_succ_app_var_val" => 0.5, "sz3_succ_var_app_val" => 0.6026076483963613, "tysz1_gen_type_tbool" => 0.29360671125189175, "sz2_succ_app" => 0.6173982845545724, "sz1_succ_app_var_val" => 0.5, "sz2_succ_var" => 0.18566207459307033, "sz1_succ_var" => 0.26051435192783645, "sz1_succ_app" => 0.8357175565213939, "sz2_succ_val_var_app" => 0.5, "sz2_succ_var_app_val" => 0.6149379177346391, "sz3_succ_app" => 0.6930825976114676, "sz3_succ_app_var_val" => 0.5, "sz1_tysz2_gen_type_tbool" => 0.5, "sz2_tysz2_gen_type_tbool" => 0.5414491777792955, "sz0_zero_var_" => 0.5, "sz1_succ_var_app_val" => 0.694478870420211, "sz3_succ_var" => 0.32115405801366875, "sz3_succ_val_var_app" => 0.5, "sz1_succ_val_var_app" => 0.5)
Inferring trained distribution...
0	0.14215381464781643
1	0.06600508600560699
2	0.12369343093343522
3	0.16526656496561584
4	0.15733326638124892
5	0.13892233520020228
6	0.1036598098364501
7	0.10296569202962409
Saved num_apps dist to examples/qc/stlc/output/num_apps/uniform/sz=3,tysz=2/dist_trained_param_by_sz=true,epochs=4000.csv.

Saving samples...
Saved samples to examples/qc/stlc/output/num_apps/uniform/sz=3,tysz=2/terms_trained_param_by_sz=true,epochs=4000.txt.

