2023-06-01T19:53:13.144
== Config ==
INIT_SIZE: 5
GEN_TYP_SIZE: 2
PARAMETERIZE_FLIP_GROUPS_BY_SZ: true
EPOCHS: 2000
DistNat: DistUInt32
TAG: byflonly

Building num_apps(gen_expr(...)) computation graph...
  19.899443256 seconds

Initial group probs:
Dict("sz4_succ_val_var_app" => 0.5, "sz5_succ_var_app_val" => 0.5, "tysz2_gen_type_tbool" => 0.5, "sz4_succ_var" => 0.3333333333333333, "sz2_succ_app_var_val" => 0.5, "sz3_succ_var_app_val" => 0.5, "sz4_succ_app_var_val" => 0.5, "sz5_succ_val_var_app" => 0.5, "tysz1_gen_type_tbool" => 0.5, "sz2_succ_app" => 0.5, "sz5_succ_app_var_val" => 0.5, "sz1_succ_app_var_val" => 0.5, "sz5_succ_var" => 0.3333333333333333, "sz2_succ_var" => 0.3333333333333333, "sz1_succ_var" => 0.3333333333333333, "sz1_succ_app" => 0.5, "sz2_succ_val_var_app" => 0.5, "sz2_succ_var_app_val" => 0.5, "sz3_succ_app" => 0.5, "sz3_succ_app_var_val" => 0.5, "sz4_succ_var_app_val" => 0.5, "sz5_succ_app" => 0.5, "sz4_succ_app" => 0.5, "sz0_zero_var_" => 0.5, "sz1_succ_var_app_val" => 0.5, "sz3_succ_var" => 0.3333333333333333, "sz3_succ_val_var_app" => 0.5, "sz1_succ_val_var_app" => 0.5)
Inferring initial distribution...
  72.03241172 seconds
Saved num_apps dist to examples/qc/stlc/output/byflonly/num_apps/uniform/sz=5,tysz=2/dist_before.csv.

Saving samples...
Saved samples to examples/qc/stlc/output/byflonly/num_apps/uniform/sz=5,tysz=2/terms_before.txt.
  109.344862854 seconds

Initial logprob: -224.7126844927842

Training...
  115457.426415581 seconds

Final logprob: -113.96747908034217
Drawing the target dataset is 1.2474743018698592e48x more likely

Learned group probs:
Dict("sz4_succ_val_var_app" => 0.5, "sz5_succ_var_app_val" => 0.8928130304280658, "tysz2_gen_type_tbool" => 0.8003852651681488, "sz4_succ_var" => 0.2163473546485248, "sz2_succ_app_var_val" => 0.5, "sz3_succ_var_app_val" => 0.7821546735177513, "sz4_succ_app_var_val" => 0.5, "sz5_succ_val_var_app" => 0.5, "tysz1_gen_type_tbool" => 0.5479704380541729, "sz2_succ_app" => 0.8549717975631126, "sz5_succ_app_var_val" => 0.5, "sz1_succ_app_var_val" => 0.5, "sz5_succ_var" => 0.16340148061166565, "sz2_succ_var" => 0.6930394599422096, "sz1_succ_var" => 0.6278737668547263, "sz1_succ_app" => 0.9582489722610021, "sz2_succ_val_var_app" => 0.5, "sz2_succ_var_app_val" => 0.8137592130130519, "sz3_succ_app" => 0.9179858670484473, "sz3_succ_app_var_val" => 0.5, "sz4_succ_var_app_val" => 0.5389616153655137, "sz5_succ_app" => 0.9711544982843823, "sz4_succ_app" => 0.5662980848247567, "sz0_zero_var_" => 0.5, "sz1_succ_var_app_val" => 0.9257293912623161, "sz3_succ_var" => 0.16152936883367627, "sz3_succ_val_var_app" => 0.5, "sz1_succ_val_var_app" => 0.5)
Inferring trained distribution...
Saved num_apps dist to examples/qc/stlc/output/byflonly/num_apps/uniform/sz=5,tysz=2/dist_trained_param_by_sz=true,epochs=2000.csv.

Saving samples...
Saved samples to examples/qc/stlc/output/byflonly/num_apps/uniform/sz=5,tysz=2/terms_trained_param_by_sz=true,epochs=2000.txt.
  116.655199176 seconds

