2023-05-23T13:51:02.912
== Config ==
INIT_SIZE: 5
GEN_TYP_SIZE: 2
PARAMETERIZE_FLIP_GROUPS_BY_SZ: true
EPOCHS: 2000
DistNat: DistUInt32

Building num_apps(gen_expr(...)) computation graph...
  21.259711858 seconds

Initial group probs:
Dict("sz4_succ_val_var_app" => 0.5, "sz5_succ_var_app_val" => 0.5, "tysz2_gen_type_tbool" => 0.5, "sz3_tysz2_gen_type_tbool" => 0.5, "sz4_succ_var" => 0.3333333333333333, "sz2_succ_app_var_val" => 0.5, "sz3_succ_var_app_val" => 0.5, "sz4_succ_app_var_val" => 0.5, "sz5_succ_val_var_app" => 0.5, "tysz1_gen_type_tbool" => 0.5, "sz2_succ_app" => 0.5, "sz5_succ_app_var_val" => 0.5, "sz1_succ_app_var_val" => 0.5, "sz5_succ_var" => 0.3333333333333333, "sz2_succ_var" => 0.3333333333333333, "sz1_succ_var" => 0.3333333333333333, "sz1_succ_app" => 0.5, "sz2_succ_val_var_app" => 0.5, "sz2_succ_var_app_val" => 0.5, "sz3_succ_app" => 0.5, "sz3_succ_app_var_val" => 0.5, "sz5_tysz2_gen_type_tbool" => 0.5, "sz2_tysz2_gen_type_tbool" => 0.5, "sz1_tysz2_gen_type_tbool" => 0.5, "sz4_succ_var_app_val" => 0.5, "sz5_succ_app" => 0.5, "sz4_succ_app" => 0.5, "sz0_zero_var_" => 0.5, "sz1_succ_var_app_val" => 0.5, "sz3_succ_var" => 0.3333333333333333, "sz3_succ_val_var_app" => 0.5, "sz1_succ_val_var_app" => 0.5, "sz4_tysz2_gen_type_tbool" => 0.5)
Inferring initial distribution...
  71.706093496 seconds
Saved num_apps dist to examples/qc/stlc/output/num_apps/uniform/sz=5,tysz=2/dist_before.csv.

Saving samples...
Saved samples to examples/qc/stlc/output/num_apps/uniform/sz=5,tysz=2/terms_before.txt.
  109.324004944 seconds

Initial logprob: -224.7126844927842

Training...
  115710.084324641 seconds

Final logprob: -113.9169279678042
Drawing the target dataset is 1.3121566237639804e48x more likely

Learned group probs:
Dict("sz4_succ_val_var_app" => 0.5, "sz5_succ_var_app_val" => 0.8003506285433858, "tysz2_gen_type_tbool" => 0.13868099873317857, "sz3_tysz2_gen_type_tbool" => 0.7536947044923458, "sz4_succ_var" => 0.15314362430232442, "sz2_succ_app_var_val" => 0.5, "sz3_succ_var_app_val" => 0.7731840674032922, "sz4_succ_app_var_val" => 0.5, "sz5_succ_val_var_app" => 0.5, "tysz1_gen_type_tbool" => 0.38578888418858803, "sz2_succ_app" => 0.8633815804128278, "sz5_succ_app_var_val" => 0.5, "sz1_succ_app_var_val" => 0.5, "sz5_succ_var" => 0.23618235455841585, "sz2_succ_var" => 0.6178168902010601, "sz1_succ_var" => 0.6376897208532761, "sz1_succ_app" => 0.9550305592298125, "sz2_succ_val_var_app" => 0.5, "sz2_succ_var_app_val" => 0.8684708182561496, "sz3_succ_app" => 0.8698416413805823, "sz3_succ_app_var_val" => 0.5, "sz5_tysz2_gen_type_tbool" => 0.8508658301161568, "sz2_tysz2_gen_type_tbool" => 0.7578657134623816, "sz1_tysz2_gen_type_tbool" => 0.5, "sz4_succ_var_app_val" => 0.5659216087255496, "sz5_succ_app" => 0.9188755932518256, "sz4_succ_app" => 0.615942569177007, "sz0_zero_var_" => 0.5, "sz1_succ_var_app_val" => 0.9155040830683467, "sz3_succ_var" => 0.3281938687082412, "sz3_succ_val_var_app" => 0.5, "sz1_succ_val_var_app" => 0.5, "sz4_tysz2_gen_type_tbool" => 0.6458026857692535)
Inferring trained distribution...
Saved num_apps dist to examples/qc/stlc/output/num_apps/uniform/sz=5,tysz=2/dist_trained_param_by_sz=true,epochs=2000.csv.

Saving samples...
Saved samples to examples/qc/stlc/output/num_apps/uniform/sz=5,tysz=2/terms_trained_param_by_sz=true,epochs=2000.txt.
  104.44556832 seconds

