2023-05-22T17:10:18.710
== Config ==
INIT_SIZE: 4
GEN_TYP_SIZE: 1
PARAMETERIZE_FLIP_GROUPS_BY_SZ: true
EPOCHS: 2000
DistNat: DistUInt32

Building term_size(gen_expr(...)) computation graph...
  10.917365792 seconds

Initial group probs:
Dict("sz1_tysz1_gen_type_tbool" => 0.5, "sz4_succ_val_var_app" => 0.5, "sz4_succ_var" => 0.3333333333333333, "sz2_succ_app_var_val" => 0.5, "sz3_succ_var_app_val" => 0.5, "sz4_succ_app_var_val" => 0.5, "tysz1_gen_type_tbool" => 0.5, "sz2_succ_app" => 0.5, "sz2_tysz1_gen_type_tbool" => 0.5, "sz3_tysz1_gen_type_tbool" => 0.5, "sz1_succ_app_var_val" => 0.5, "sz2_succ_var" => 0.3333333333333333, "sz1_succ_var" => 0.3333333333333333, "sz1_succ_app" => 0.5, "sz2_succ_val_var_app" => 0.5, "sz2_succ_var_app_val" => 0.5, "sz4_tysz1_gen_type_tbool" => 0.5, "sz3_succ_app" => 0.5, "sz3_succ_app_var_val" => 0.5, "sz4_succ_var_app_val" => 0.5, "sz4_succ_app" => 0.5, "sz0_zero_var_" => 0.5, "sz1_succ_var_app_val" => 0.5, "sz3_succ_var" => 0.3333333333333333, "sz3_succ_val_var_app" => 0.5, "sz1_succ_val_var_app" => 0.5)
Inferring initial distribution...
  1.428881083 seconds
1	0.25000000000000006
2	0.16666666666666669
3	0.0
4	0.02083333333333334
5	0.03703703703703702
6	0.009259259259259257
7	0.007161458333333339
8	0.028332368827160503
9	0.021520543981481496
10	0.010980299961419757
11	0.025378568672839517
12	0.035790714216820986
13	0.02196229534384645
14	0.018809471601321376
15	0.029643965356143935
16	0.02829295028874903
17	0.020078029161618088
18	0.022527809496279128
19	0.02581080978299368
20	0.020706990618764614
21	0.01775060759650336
22	0.02010315803833951
23	0.019183462048754298
24	0.01544070464593392
25	0.014748415093363046
26	0.015022435489995963
27	0.012870036341525877
28	0.010771347048841856
29	0.010388097737306411
30	0.00964829445253181
31	0.008008373280366235
32	0.006963000391368494
33	0.006495942810067404
34	0.005653648326794287
35	0.004660052143865145
36	0.004052780637586547
37	0.003571060037723284
38	0.002935549382258339
39	0.00235665424002541
40	0.001964625074631633
41	0.0016171152496503422
42	0.0012598281933201665
43	0.0009731495132048907
44	0.0007669332747658089
45	0.0005884990096092226
46	0.00043063724620474793
47	0.000312608201056719
48	0.0002279190036157771
49	0.00016019601995746275
50	0.00010699220001697539
51	7.008543858925503e-5
52	4.534547527631119e-5
53	2.780649811029435e-5
54	1.578607286016145e-5
55	8.518341928720462e-6
56	4.450324922800056e-6
57	2.1345913410186704e-6
58	8.540228009223928e-7
59	2.6077032089233414e-7
60	5.5879354476928995e-8
61	7.450580596923903e-9
62	4.656612873077455e-10
Saved term_size dist to examples/qc/stlc/output/term_size/uniform/sz=4,tysz=1/dist_before.csv.

Saving samples...
Saved samples to examples/qc/stlc/output/term_size/uniform/sz=4,tysz=1/terms_before.txt.
  5.287193625 seconds

Initial logprob: -Inf

Training...
  14379.846419041 seconds

Final logprob: -Inf
Drawing the target dataset is NaNx more likely

Learned group probs:
Dict("sz1_tysz1_gen_type_tbool" => 0.057113197492817035, "sz4_succ_val_var_app" => 0.5, "sz4_succ_var" => 0.17629374282533855, "sz2_succ_app_var_val" => 0.5, "sz3_succ_var_app_val" => 0.4669389473549248, "sz4_succ_app_var_val" => 0.5, "tysz1_gen_type_tbool" => 0.47638769415157173, "sz2_succ_app" => 0.6555496473433029, "sz2_tysz1_gen_type_tbool" => 0.3071390828276403, "sz3_tysz1_gen_type_tbool" => 0.07306253186591376, "sz1_succ_app_var_val" => 0.5, "sz2_succ_var" => 0.4259605342068747, "sz1_succ_var" => 0.8648372380654176, "sz1_succ_app" => 0.9193504617721048, "sz2_succ_val_var_app" => 0.5, "sz2_succ_var_app_val" => 0.9392240906268551, "sz4_tysz1_gen_type_tbool" => 0.23970178084956276, "sz3_succ_app" => 0.6332816875517546, "sz3_succ_app_var_val" => 0.5, "sz4_succ_var_app_val" => 0.8796107675923261, "sz4_succ_app" => 0.9650553060032698, "sz0_zero_var_" => 0.8022341123752421, "sz1_succ_var_app_val" => 0.8806958297168813, "sz3_succ_var" => 0.18185690856928344, "sz3_succ_val_var_app" => 0.5, "sz1_succ_val_var_app" => 0.5)
Inferring trained distribution...
1	0.023823210804472434
2	0.01261807132531646
3	0.0
4	0.010661848314283478
5	0.02719581861402015
6	0.006918572712281057
7	0.0019672610339369337
8	0.006043924963542964
9	0.003273112872321203
10	0.0053896710437370795
11	0.01614970699145622
12	0.022275612904561606
13	0.010251411941851194
14	0.00439551229661751
15	0.008681089675605668
16	0.01372827371110506
17	0.02130978480907036
18	0.010969906886404715
19	0.014050650131937842
20	0.022450652420137218
21	0.020566506861581724
22	0.012919058531024936
23	0.016885334067113483
24	0.023030516568686075
25	0.01869930592789696
26	0.014424962074101518
27	0.021677616857312555
28	0.027709879094782473
29	0.022604140572623645
30	0.018645626599393405
31	0.028601952576607515
32	0.04502311924914504
33	0.04146636793036566
34	0.022804792750705103
35	0.0188157107705959
36	0.02035110573976005
37	0.017013784052835237
38	0.019084527036229593
39	0.02519709037386035
40	0.023428518264776897
41	0.015242487905996856
42	0.012996281863249238
43	0.01856017673181631
44	0.021940859216401366
45	0.018254966614571703
46	0.014926173836885194
47	0.018960926390938482
48	0.021053475337346757
49	0.015345277590861219
50	0.0111976066097843
51	0.013322523699738546
52	0.01357061221519924
53	0.009665659117579347
54	0.00924364027913621
55	0.013274985862430342
56	0.014536736432318675
57	0.010967884280080388
58	0.009212535948775311
59	0.01225552687687204
60	0.013483849425949178
61	0.008538395592679982
62	0.002345408819331005
Saved term_size dist to examples/qc/stlc/output/term_size/uniform/sz=4,tysz=1/dist_trained_param_by_sz=true,epochs=2000.csv.

Saving samples...
Saved samples to examples/qc/stlc/output/term_size/uniform/sz=4,tysz=1/terms_trained_param_by_sz=true,epochs=2000.txt.
  3.66900025 seconds

