2023-12-24T14:57:33.753
== Config ==
INIT_SIZE: 3
GEN_TYP_SIZE: 2
PARAMETERIZE_FLIP_GROUPS_BY_SZ: true
EPOCHS: 2000
DistNat: DistUInt32
TAG: v3_opt_meta_ad

Building num_apps(gen_expr(...)) computation graph...
  9.788417833 seconds

Initial adnodes_of_interest:
Dict("tysz2_gen_type_tbool" => 0.5, "tysz1_gen_type_tbool" => 0.5, "sz0_zero_pr_var2" => 0.5, "sz2_succ_app" => 0.5, "sz2_succ_var" => 0.5, "sz1_succ_var" => 0.5, "sz1_succ_app" => 0.5, "sz1_succ_abs" => 0.5, "sz3_succ_abs" => 0.5, "sz3_succ_app" => 0.5, "sz2_succ_abs" => 0.5, "sz3_succ_var" => 0.5)
Inferring initial distribution...
  0.371381167 seconds
Saved num_apps dist to examples/qc/stlc/output/v3_opt_meta_ad/num_apps/uniform/sz=3,tysz=2/dist_before.csv.

Saving samples...
Saved samples to examples/qc/stlc/output/v3_opt_meta_ad/num_apps/uniform/sz=3,tysz=2/terms_before.txt.
  4.67617525 seconds

Initial logprob: -20.238481981031438

Training...
  15.66972375 seconds

Final logprob: -17.22762054594957
Drawing the target dataset is 20.3x more likely

Learned adnodes_of_interest:
Dict("tysz2_gen_type_tbool" => 0.34083724764380813, "tysz1_gen_type_tbool" => 0.39501557295049883, "sz0_zero_pr_var2" => 0.5, "sz2_succ_app" => 0.6151878798944755, "sz2_succ_var" => 0.43468900171159874, "sz1_succ_var" => 0.5103724794228329, "sz1_succ_app" => 0.68419917231591, "sz1_succ_abs" => 0.2149167539907951, "sz3_succ_abs" => 0.25149682656466177, "sz3_succ_app" => 0.6712638585215596, "sz2_succ_abs" => 0.4236132578800875, "sz3_succ_var" => 0.5)
Inferring trained distribution...
Saved num_apps dist to examples/qc/stlc/output/v3_opt_meta_ad/num_apps/uniform/sz=3,tysz=2/dist_trained_param_by_sz=true,epochs=2000.csv.

Saving samples...
Saved samples to examples/qc/stlc/output/v3_opt_meta_ad/num_apps/uniform/sz=3,tysz=2/terms_trained_param_by_sz=true,epochs=2000.txt.
  2.335930042 seconds

