2023-12-23T22:38:13.431
== Config ==
INIT_SIZE: 3
GEN_TYP_SIZE: 2
PARAMETERIZE_FLIP_GROUPS_BY_SZ: true
EPOCHS: 100
DistNat: DistUInt32
TAG: v3_opt_meta_ad

Building num_apps(gen_expr(...)) computation graph...
  9.797323125 seconds

Initial adnodes_of_interest:
Dict("tysz2_gen_type_tbool" => 0.5, "tysz1_gen_type_tbool" => 0.5, "sz0_zero_pr_var2" => 0.5, "sz2_succ_app" => 0.5, "sz2_succ_var" => 0.5, "sz1_succ_var" => 0.5, "sz1_succ_app" => 0.5, "sz1_succ_abs" => 0.5, "sz3_succ_abs" => 0.5, "sz3_succ_app" => 0.5, "sz2_succ_abs" => 0.5, "sz3_succ_var" => 0.5)
Inferring initial distribution...
  0.368995208 seconds
Saved num_apps dist to examples/qc/stlc/output/v3_opt_meta_ad/num_apps/uniform/sz=3,tysz=2/dist_before.csv.

Saving samples...
Saved samples to examples/qc/stlc/output/v3_opt_meta_ad/num_apps/uniform/sz=3,tysz=2/terms_before.txt.
  5.36046275 seconds

Initial logprob: -20.238481981031438

Training...
  7.11384975 seconds

Final logprob: -18.54692234466734
Drawing the target dataset is 5.43x more likely

Learned adnodes_of_interest:
Dict("tysz2_gen_type_tbool" => 0.4769967684232314, "tysz1_gen_type_tbool" => 0.4962538566537244, "sz0_zero_pr_var2" => 0.5, "sz2_succ_app" => 0.561559374299581, "sz2_succ_var" => 0.49666005253839807, "sz1_succ_var" => 0.49906693556544923, "sz1_succ_app" => 0.5767350167020707, "sz1_succ_abs" => 0.41080879746746896, "sz3_succ_abs" => 0.432508934977342, "sz3_succ_app" => 0.5595926683247854, "sz2_succ_abs" => 0.4336897457382177, "sz3_succ_var" => 0.5)
Inferring trained distribution...
Saved num_apps dist to examples/qc/stlc/output/v3_opt_meta_ad/num_apps/uniform/sz=3,tysz=2/dist_trained_param_by_sz=true,epochs=100.csv.

Saving samples...
Saved samples to examples/qc/stlc/output/v3_opt_meta_ad/num_apps/uniform/sz=3,tysz=2/terms_trained_param_by_sz=true,epochs=100.txt.
  3.144126583 seconds

